app/build/intermediates/manifest_merge_blame_file/release/manifest-merger-blame-release-report.txt
1<?xml version="1.0" encoding="utf-8"?>
2<manifest xmlns:android="http://schemas.android.com/apk/res/android"
3    package="com.redteamobile.smart"
4    android:versionCode="1"
5    android:versionName="android-euicc-agent-general_v0.0.0.6_android_staging_debug" >
6
7    <uses-sdk
8        android:minSdkVersion="22"
8-->src/main/AndroidManifest.xml
9        android:targetSdkVersion="26" />
9-->src/main/AndroidManifest.xml
10
11    <uses-permission android:name="android.permission.ACCESS_COARSE_LOCATION" />
11-->src/main/AndroidManifest.xml:5:5-80
11-->src/main/AndroidManifest.xml:5:22-78
12    <uses-permission android:name="android.permission.INTERNET" />
12-->src/main/AndroidManifest.xml:6:5-66
12-->src/main/AndroidManifest.xml:6:22-64
13    <uses-permission android:name="android.permission.ACCESS_WIFI_STATE" />
13-->src/main/AndroidManifest.xml:7:5-75
13-->src/main/AndroidManifest.xml:7:22-73
14    <uses-permission android:name="android.permission.ACCESS_NETWORK_STATE" />
14-->src/main/AndroidManifest.xml:8:5-78
14-->src/main/AndroidManifest.xml:8:22-76
15    <uses-permission android:name="android.permission.READ_PHONE_STATE" />
15-->src/main/AndroidManifest.xml:9:5-74
15-->src/main/AndroidManifest.xml:9:22-72
16    <uses-permission android:name="android.permission.RECEIVE_BOOT_COMPLETED" />
16-->src/main/AndroidManifest.xml:10:5-81
16-->src/main/AndroidManifest.xml:10:22-78
17    <uses-permission android:name="android.permission.READ_PRIVILEGED_PHONE_STATE" />
17-->src/main/AndroidManifest.xml:12:5-85
17-->src/main/AndroidManifest.xml:12:22-83
18    <!--
19      Required by getDataEnabled(), setDataEnabled(), setDataRoamingEnabled(),
20      ~ setDefaultDataSubId(), setDisplayName()
21    -->
22    <uses-permission android:name="android.permission.MODIFY_PHONE_STATE" />
22-->src/main/AndroidManifest.xml:15:5-76
22-->src/main/AndroidManifest.xml:15:22-74
23    <!-- Required by setDataRoamingEnabled() -->
24    <uses-permission android:name="android.permission.WRITE_SETTINGS" />
24-->src/main/AndroidManifest.xml:17:5-72
24-->src/main/AndroidManifest.xml:17:22-70
25    <uses-permission android:name="android.permission.WRITE_SECURE_SETTINGS" />
25-->src/main/AndroidManifest.xml:18:5-79
25-->src/main/AndroidManifest.xml:18:22-77
26    <!-- Required by clearApn(), setDefaultDataSubId() -->
27    <uses-permission android:name="android.permission.WRITE_APN_SETTINGS" />
27-->src/main/AndroidManifest.xml:20:5-76
27-->src/main/AndroidManifest.xml:20:22-74
28    <uses-permission android:name="android.permission.WRITE_EXTERNAL_STORAGE" />
28-->src/main/AndroidManifest.xml:21:5-80
28-->src/main/AndroidManifest.xml:21:22-78
29    <uses-permission android:name="android.com.permission.ACCESS_RBOOK_SERVIC" />
29-->src/main/AndroidManifest.xml:22:5-81
29-->src/main/AndroidManifest.xml:22:22-79
30
31    <application
31-->src/main/AndroidManifest.xml:24:5-64:19
32        android:name="com.redteamobile.smart.App"
32-->src/main/AndroidManifest.xml:31:9-28
33        android:allowBackup="true"
33-->src/main/AndroidManifest.xml:25:9-35
34        android:appComponentFactory="androidx.core.app.CoreComponentFactory"
34-->[androidx.core:core:1.1.0] AndroidManifest.xml:24:18-86
35        android:icon="@mipmap/ic_launcher"
35-->src/main/AndroidManifest.xml:26:9-43
36        android:label="@string/app_name"
36-->src/main/AndroidManifest.xml:27:9-41
37        android:roundIcon="@mipmap/ic_launcher_round"
37-->src/main/AndroidManifest.xml:28:9-54
38        android:supportsRtl="true"
38-->src/main/AndroidManifest.xml:29:9-35
39        android:theme="@style/AppTheme" >
39-->src/main/AndroidManifest.xml:30:9-40
40        <activity android:name="com.redteamobile.smart.MainActivity" >
40-->src/main/AndroidManifest.xml:32:9-38:20
40-->src/main/AndroidManifest.xml:32:19-69
41            <intent-filter>
41-->src/main/AndroidManifest.xml:33:13-37:29
42                <action android:name="android.intent.action.MAIN" />
42-->src/main/AndroidManifest.xml:34:17-69
42-->src/main/AndroidManifest.xml:34:25-66
43
44                <category android:name="android.intent.category.LAUNCHER" />
44-->src/main/AndroidManifest.xml:36:17-77
44-->src/main/AndroidManifest.xml:36:27-74
45            </intent-filter>
46        </activity>
47
48        <service
48-->src/main/AndroidManifest.xml:40:9-42:37
49            android:name="com.redteamobile.smart.agent.AgentService"
49-->src/main/AndroidManifest.xml:40:18-52
50            android:enabled="true"
50-->src/main/AndroidManifest.xml:42:13-35
51            android:exported="true" />
51-->src/main/AndroidManifest.xml:41:13-36
52
53        <receiver
53-->src/main/AndroidManifest.xml:44:9-52:20
54            android:name="com.redteamobile.smart.agent.receiver.BootReceiver"
54-->src/main/AndroidManifest.xml:45:13-56
55            android:enabled="true" >
55-->src/main/AndroidManifest.xml:46:13-35
56            <intent-filter>
56-->src/main/AndroidManifest.xml:48:13-50:29
57                <action android:name="android.intent.action.BOOT_COMPLETED" />
57-->src/main/AndroidManifest.xml:49:17-78
57-->src/main/AndroidManifest.xml:49:25-76
58            </intent-filter>
59        </receiver>
60        <receiver
60-->src/main/AndroidManifest.xml:54:9-62:20
61            android:name="com.redteamobile.smart.agent.receiver.ServiceStateReceiver"
61-->src/main/AndroidManifest.xml:55:13-64
62            android:enabled="true" >
62-->src/main/AndroidManifest.xml:56:13-35
63            <intent-filter>
63-->src/main/AndroidManifest.xml:58:13-60:29
64                <action android:name="android.intent.action.SERVICE_STATE" />
64-->src/main/AndroidManifest.xml:59:17-77
64-->src/main/AndroidManifest.xml:59:25-75
65            </intent-filter>
66        </receiver>
67    </application>
68
69</manifest>